<?xml version="1.0" encoding="UTF-8"?>
<!-- Generated by org.testng.reporters.JUnitReportReporter -->
<testsuite hostname="user-191" name="OneOne.WithClass" tests="1" failures="0" timestamp="4 May 2019 14:35:03 GMT" time="34.040" errors="0">
  <testcase name="openMyBlog" time="34.040" classname="OneOne.WithClass"/>
</testsuite> <!-- OneOne.WithClass -->
